2025-10-14 07:14:16,110 [Worker-4: Loading available Gradle versions] INFO  o.e.b.c.i.u.g.PublishedGradleVersions - Gradle version information cache is not available. Remote download required.
2025-10-14 07:16:54,624 [Worker-4: Import Getting Started Content] INFO  o.e.m.c.i.l.LifecycleMappingFactory - Using org.maven.ide.eclipse.wtp.WarLifecycleMapping lifecycle mapping for MavenProject: com.example:goaltrackerbackend:0.0.1-SNAPSHOT @ C:\Users\hydms\Downloads\practicefullstackprojectsforcicd\goaltracker\goaltrackerbackend\pom.xml.
2025-10-14 07:16:56,662 [Worker-4: Import Getting Started Content] INFO  o.e.m.j.i.AbstractJavaProjectConfigurator - Adding source folder /goaltrackerbackend/src/main/java
2025-10-14 07:16:56,664 [Worker-4: Import Getting Started Content] INFO  o.e.m.j.i.AbstractJavaProjectConfigurator - Adding resource folder /goaltrackerbackend/src/main/resources
2025-10-14 07:16:56,671 [Worker-4: Import Getting Started Content] INFO  o.e.m.j.i.AbstractJavaProjectConfigurator - Adding resource folder /goaltrackerbackend/src/main/resources
2025-10-14 07:16:56,676 [Worker-4: Import Getting Started Content] INFO  o.e.m.j.i.AbstractJavaProjectConfigurator - Adding source folder /goaltrackerbackend/src/test/java
2025-10-14 07:16:56,678 [Worker-4: Import Getting Started Content] INFO  o.e.m.j.i.AbstractJavaProjectConfigurator - Adding resource folder /goaltrackerbackend/src/test/resources
2025-10-14 07:17:01,839 [Worker-4: Import Getting Started Content] INFO  o.e.m.c.i.p.ProjectConfigurationManager - Imported and configured 1 project(s) in 9 sec
2025-10-14 07:17:01,845 [Worker-4: Import Getting Started Content] INFO  o.e.m.c.i.p.ProjectConfigurationManager - Update started
2025-10-14 07:17:02,658 [Worker-4: Import Getting Started Content] INFO  o.e.m.c.i.l.LifecycleMappingFactory - Using org.maven.ide.eclipse.wtp.WarLifecycleMapping lifecycle mapping for MavenProject: com.example:goaltrackerbackend:0.0.1-SNAPSHOT @ C:\Users\hydms\Downloads\practicefullstackprojectsforcicd\goaltracker\goaltrackerbackend\pom.xml.
2025-10-14 07:17:03,803 [Worker-4: Import Getting Started Content] INFO  o.e.m.j.i.AbstractJavaProjectConfigurator - Adding source folder /goaltrackerbackend/src/main/java
2025-10-14 07:17:03,805 [Worker-4: Import Getting Started Content] INFO  o.e.m.j.i.AbstractJavaProjectConfigurator - Adding resource folder /goaltrackerbackend/src/main/resources
2025-10-14 07:17:03,806 [Worker-4: Import Getting Started Content] INFO  o.e.m.j.i.AbstractJavaProjectConfigurator - Adding resource folder /goaltrackerbackend/src/main/resources
2025-10-14 07:17:03,806 [Worker-4: Import Getting Started Content] INFO  o.e.m.j.i.AbstractJavaProjectConfigurator - Adding source folder /goaltrackerbackend/src/test/java
2025-10-14 07:17:03,807 [Worker-4: Import Getting Started Content] INFO  o.e.m.j.i.AbstractJavaProjectConfigurator - Adding resource folder /goaltrackerbackend/src/test/resources
2025-10-14 07:17:06,043 [Worker-4: Import Getting Started Content] INFO  o.e.m.w.i.f.ResourceFilteringBuildParticipant - Cleaning filtered folder for goaltrackerbackend
2025-10-14 07:17:06,078 [Worker-4: Import Getting Started Content] INFO  o.e.m.c.i.p.ProjectConfigurationManager - Update completed for 1 poms: local refresh takes 0.00 sec, refresh facades takes 1.00 sec, update config takes 1.00 sec 
2025-10-14 07:17:07,478 [Worker-10: Building] INFO  o.a.m.s.f.DefaultMavenResourcesFiltering - Copying 1 resource from src\main\resources to target\classes
2025-10-14 07:17:07,506 [Worker-10: Building] INFO  o.a.m.s.f.DefaultMavenResourcesFiltering - Copying 0 resource from src\main\resources to target\classes
2025-10-14 07:17:07,514 [Worker-10: Building] INFO  o.a.m.s.f.DefaultMavenResourcesFiltering - skip non existing resourceDirectory C:\Users\hydms\Downloads\practicefullstackprojectsforcicd\goaltracker\goaltrackerbackend\src\test\resources
2025-10-14 07:17:07,515 [Worker-10: Building] INFO  o.e.m.w.i.f.ResourceFilteringBuildParticipant - Changed resources require a complete clean of filtered resources of goaltrackerbackend
2025-10-14 07:17:07,517 [Worker-10: Building] INFO  o.e.m.w.i.f.ResourceFilteringBuildParticipant - Executing resource filtering for goaltrackerbackend
2025-10-14 07:17:25,510 [Worker-16: Building] INFO  o.a.m.s.f.DefaultMavenResourcesFiltering - Copying 1 resource from src\main\resources to target\classes
2025-10-14 07:17:25,515 [Worker-16: Building] INFO  o.a.m.s.f.DefaultMavenResourcesFiltering - Copying 0 resource from src\main\resources to target\classes
2025-10-14 07:17:25,520 [Worker-16: Building] INFO  o.a.m.s.f.DefaultMavenResourcesFiltering - skip non existing resourceDirectory C:\Users\hydms\Downloads\practicefullstackprojectsforcicd\goaltracker\goaltrackerbackend\src\test\resources
2025-10-14 07:22:41,733 [Worker-4: Building] INFO  o.a.m.s.f.DefaultMavenResourcesFiltering - Copying 1 resource from src\main\resources to target\classes
2025-10-14 07:22:41,745 [Worker-4: Building] INFO  o.a.m.s.f.DefaultMavenResourcesFiltering - Copying 0 resource from src\main\resources to target\classes
2025-10-14 07:22:41,750 [Worker-4: Building] INFO  o.a.m.s.f.DefaultMavenResourcesFiltering - skip non existing resourceDirectory C:\Users\hydms\Downloads\practicefullstackprojectsforcicd\goaltracker\goaltrackerbackend\src\test\resources
2025-10-14 09:17:50,520 [Worker-22: Building] INFO  o.a.m.s.f.DefaultMavenResourcesFiltering - Copying 1 resource from src\main\resources to target\classes
2025-10-14 09:17:50,560 [Worker-22: Building] INFO  o.a.m.s.f.DefaultMavenResourcesFiltering - Copying 0 resource from src\main\resources to target\classes
2025-10-14 09:17:50,571 [Worker-22: Building] INFO  o.a.m.s.f.DefaultMavenResourcesFiltering - skip non existing resourceDirectory C:\Users\hydms\Downloads\practicefullstackprojectsforcicd\goaltracker\goaltrackerbackend\src\test\resources
2025-10-14 09:19:06,638 [Worker-24: Building] INFO  o.e.m.c.i.l.LifecycleMappingFactory - Using org.maven.ide.eclipse.wtp.WarLifecycleMapping lifecycle mapping for MavenProject: com.example:goaltrackerbackend:0.0.1-SNAPSHOT @ C:\Users\hydms\Downloads\practicefullstackprojectsforcicd\goaltracker\goaltrackerbackend\pom.xml.
2025-10-14 09:19:07,756 [Worker-24: Building] INFO  o.a.m.s.f.DefaultMavenResourcesFiltering - Copying 1 resource from src\main\resources to target\classes
2025-10-14 09:19:07,775 [Worker-24: Building] INFO  o.a.m.s.f.DefaultMavenResourcesFiltering - Copying 0 resource from src\main\resources to target\classes
2025-10-14 09:19:07,780 [Worker-24: Building] INFO  o.a.m.s.f.DefaultMavenResourcesFiltering - skip non existing resourceDirectory C:\Users\hydms\Downloads\practicefullstackprojectsforcicd\goaltracker\goaltrackerbackend\src\test\resources
2025-10-14 09:19:52,861 [Worker-24: Building] INFO  o.a.m.s.f.DefaultMavenResourcesFiltering - Copying 1 resource from src\main\resources to target\classes
2025-10-14 09:19:52,870 [Worker-24: Building] INFO  o.a.m.s.f.DefaultMavenResourcesFiltering - Copying 0 resource from src\main\resources to target\classes
2025-10-14 09:19:52,875 [Worker-24: Building] INFO  o.a.m.s.f.DefaultMavenResourcesFiltering - skip non existing resourceDirectory C:\Users\hydms\Downloads\practicefullstackprojectsforcicd\goaltracker\goaltrackerbackend\src\test\resources
2025-10-14 09:20:33,442 [Worker-22: Building] INFO  o.a.m.s.f.DefaultMavenResourcesFiltering - Copying 1 resource from src\main\resources to target\classes
2025-10-14 09:20:33,461 [Worker-22: Building] INFO  o.a.m.s.f.DefaultMavenResourcesFiltering - Copying 0 resource from src\main\resources to target\classes
2025-10-14 09:20:33,471 [Worker-22: Building] INFO  o.a.m.s.f.DefaultMavenResourcesFiltering - skip non existing resourceDirectory C:\Users\hydms\Downloads\practicefullstackprojectsforcicd\goaltracker\goaltrackerbackend\src\test\resources
